<?xml version="1.0" encoding="UTF-8"?>
<!-- Generated by org.testng.reporters.JUnitXMLReporter -->
<testsuite ignored="0" hostname="MSI" failures="0" tests="4" name="InvoicePostBill" time="21.143" errors="0" timestamp="2023-08-07T15:27:26 IST">
  <testcase classname="com.qa.vrwork.tests.InvoicePostBillTest" name="OpenInvoiceMenuTest" time="7.914"/>
  <testcase classname="com.qa.vrwork.tests.InvoicePostBillTest" name="getInvoiceTaskPostBillTest" time="0.43"/>
  <testcase classname="com.qa.vrwork.tests.InvoicePostBillTest" name="getInvoiceTaskPostBillTest" time="0.916"/>
  <testcase classname="com.qa.vrwork.tests.InvoicePostBillTest" name="redirectOnInvoicePageTest" time="0.029"/>
</testsuite> <!-- InvoicePostBill -->
