<?xml version="1.0" encoding="UTF-8"?>
<!-- Generated by org.testng.reporters.JUnitXMLReporter -->
<testsuite ignored="0" hostname="MSI" failures="0" tests="3" name="MyTaskCompelete Page Test" time="40.298" errors="0" timestamp="2023-08-07T15:26:27 IST">
  <testcase classname="com.qa.vrwork.tests.MyTaskCompeleteTest" name="mainmenuTest" time="10.312"/>
  <testcase classname="com.qa.vrwork.tests.MyTaskCompeleteTest" name="mainmenuTest" time="9.583"/>
  <testcase classname="com.qa.vrwork.tests.MyTaskCompeleteTest" name="mainmenuTest" time="8.415"/>
</testsuite> <!-- MyTaskCompelete Page Test -->
