<?xml version="1.0" encoding="UTF-8"?>
<!-- Generated by org.testng.reporters.JUnitXMLReporter -->
<testsuite ignored="0" hostname="MSI" failures="0" tests="4" name="TaskTest Page Test" time="74.405" errors="0" timestamp="2023-08-07T15:25:47 IST">
  <testcase classname="com.qa.vrwork.tests.TaskTest" name="mainmenuTest" time="0.078"/>
  <testcase classname="com.qa.vrwork.tests.TaskTest" name="sidemenuTest" time="20.118"/>
  <testcase classname="com.qa.vrwork.tests.TaskTest" name="sidemenuTest" time="20.659"/>
  <testcase classname="com.qa.vrwork.tests.TaskTest" name="sidemenuTest" time="20.286"/>
</testsuite> <!-- TaskTest Page Test -->
