<?xml version="1.0" encoding="UTF-8"?>
<!-- Generated by org.testng.reporters.JUnitXMLReporter -->
<testsuite ignored="0" hostname="MSI" failures="0" tests="3" name="Default test" time="43.957" errors="0" timestamp="2023-08-03T15:03:31 IST">
  <testcase classname="com.qa.vrwork.tests.MyTaskCompeleteTest" name="mainmenuTest" time="11.755"/>
  <testcase classname="com.qa.vrwork.tests.MyTaskCompeleteTest" name="mainmenuTest" time="10.007"/>
  <testcase classname="com.qa.vrwork.tests.MyTaskCompeleteTest" name="mainmenuTest" time="9.316"/>
</testsuite> <!-- Default test -->
