<?xml version="1.0" encoding="UTF-8"?>
<testng-results ignored="0" total="1" passed="1" failed="0" skipped="0">
  <reporter-output>
  </reporter-output>
  <suite started-at="2023-08-07T16:48:06 IST" name="Default suite" finished-at="2023-08-07T16:48:25 IST" duration-ms="19451">
    <groups>
    </groups>
    <test started-at="2023-08-07T16:48:06 IST" name="Default test" finished-at="2023-08-07T16:48:25 IST" duration-ms="19451">
      <class name="com.qa.vrwork.tests.ProcessServiceOrdersTest">
        <test-method is-config="true" signature="setup()[pri:0, instance:com.qa.vrwork.tests.ProcessServiceOrdersTest@1224144a]" started-at="2023-08-07T16:48:06 IST" name="setup" finished-at="2023-08-07T16:48:14 IST" duration-ms="8041" status="PASS">
          <reporter-output>
          </reporter-output>
        </test-method> <!-- setup -->
        <test-method is-config="true" signature="login()[pri:0, instance:com.qa.vrwork.tests.ProcessServiceOrdersTest@1224144a]" started-at="2023-08-07T16:48:14 IST" name="login" finished-at="2023-08-07T16:48:22 IST" depends-on-methods="com.qa.vrwork.base.BasePage.setup" duration-ms="8154" status="PASS">
          <reporter-output>
          </reporter-output>
        </test-method> <!-- login -->
        <test-method signature="mainmenuTest()[pri:0, instance:com.qa.vrwork.tests.ProcessServiceOrdersTest@1224144a]" started-at="2023-08-07T16:48:22 IST" name="mainmenuTest" finished-at="2023-08-07T16:48:25 IST" duration-ms="3199" status="PASS">
          <reporter-output>
          </reporter-output>
        </test-method> <!-- mainmenuTest -->
        <test-method is-config="true" signature="tearDown()[pri:0, instance:com.qa.vrwork.tests.ProcessServiceOrdersTest@1224144a]" started-at="2023-08-07T16:48:25 IST" name="tearDown" finished-at="2023-08-07T16:48:25 IST" duration-ms="0" status="PASS">
          <reporter-output>
          </reporter-output>
        </test-method> <!-- tearDown -->
      </class> <!-- com.qa.vrwork.tests.ProcessServiceOrdersTest -->
    </test> <!-- Default test -->
  </suite> <!-- Default suite -->
</testng-results>
